#
# There is insufficient memory for the Java Runtime Environment to continue.
# Native memory allocation (mmap) failed to map 65536 bytes for Failed to commit metaspace.
# Possible reasons:
#   The system is out of physical RAM or swap space
#   The process is running with CompressedOops enabled, and the Java Heap may be blocking the growth of the native heap
# Possible solutions:
#   Reduce memory load on the system
#   Increase physical memory or swap space
#   Check if swap backing store is full
#   Decrease Java heap size (-Xmx/-Xms)
#
#  Out of Memory Error (virtualSpaceNode.cpp:112), pid=37988, tid=48664
#
# JRE version: OpenJDK Runtime Environment (21.0.2+13) (build 21.0.2+13-58)
# Java VM: OpenJDK 64-Bit Server VM (21.0.2+13-58, mixed mode, tiered, compressed oops, compressed class ptrs, g1 gc, windows-amd64)
# No core dump will be written. Minidumps are not enabled by default on client versions of Windows
#

---------------  S U M M A R Y ------------

Command Line: C:\Users\okeow\AppData\Local\Temp\surefire17526575925163031518\surefirebooter-20240307135912244_3.jar C:\Users\okeow\AppData\Local\Temp\surefire17526575925163031518 2024-03-07T13-59-12_030-jvmRun1 surefire-20240307135912244_1tmp surefire_0-20240307135912244_2tmp

Host: Intel(R) Core(TM) i3-1005G1 CPU @ 1.20GHz, 4 cores, 7G,  Windows 11 , 64 bit Build 22000 (10.0.22000.2538)
Time: Thu Mar  7 13:59:12 2024 W. Central Africa Standard Time elapsed time: 0.331937 seconds (0d 0h 0m 0s)

---------------  T H R E A D  ---------------

Current thread (0x000001a830d9dc80):  JavaThread "main"             [_thread_in_vm, id=48664, stack(0x0000009f4b500000,0x0000009f4b600000) (1024K)]

Stack: [0x0000009f4b500000,0x0000009f4b600000]
Native frames: (J=compiled Java code, j=interpreted, Vv=VM code, C=native code)
V  [jvm.dll+0x6cade9]
V  [jvm.dll+0x8569c1]
V  [jvm.dll+0x858d2e]
V  [jvm.dll+0x859413]
V  [jvm.dll+0x280e56]
V  [jvm.dll+0x8526ee]
V  [jvm.dll+0x66e705]
V  [jvm.dll+0x66e76a]
V  [jvm.dll+0x670f96]
V  [jvm.dll+0x670e62]
V  [jvm.dll+0x66f0de]
V  [jvm.dll+0x27dd76]
V  [jvm.dll+0x720355]
V  [jvm.dll+0x720e9f]
V  [jvm.dll+0x3c2e8f]
V  [jvm.dll+0x3c1f37]
V  [jvm.dll+0x3c1ed8]
V  [jvm.dll+0x5d4219]
V  [jvm.dll+0x5d311c]
V  [jvm.dll+0x3d7870]
V  [jvm.dll+0x3d6eed]
C  0x000001a842039f15

The last pc belongs to invokestatic (printed below).
Java frames: (J=compiled Java code, j=interpreted, Vv=VM code)
j  java.lang.invoke.DirectMethodHandle.makePreparedLambdaForm(Ljava/lang/invoke/MethodType;I)Ljava/lang/invoke/LambdaForm;+418 java.base@21.0.2
j  java.lang.invoke.DirectMethodHandle.preparedLambdaForm(Ljava/lang/invoke/MethodType;I)Ljava/lang/invoke/LambdaForm;+17 java.base@21.0.2
j  java.lang.invoke.DirectMethodHandle.preparedLambdaForm(Ljava/lang/invoke/MemberName;Z)Ljava/lang/invoke/LambdaForm;+159 java.base@21.0.2
j  java.lang.invoke.DirectMethodHandle.preparedLambdaForm(Ljava/lang/invoke/MemberName;)Ljava/lang/invoke/LambdaForm;+2 java.base@21.0.2
j  java.lang.invoke.DirectMethodHandle.make(BLjava/lang/Class;Ljava/lang/invoke/MemberName;Ljava/lang/Class;)Ljava/lang/invoke/DirectMethodHandle;+163 java.base@21.0.2
j  java.lang.invoke.MethodHandles$Lookup.getDirectMethodCommon(BLjava/lang/Class;Ljava/lang/invoke/MemberName;ZZLjava/lang/invoke/MethodHandles$Lookup;)Ljava/lang/invoke/MethodHandle;+220 java.base@21.0.2
j  java.lang.invoke.MethodHandles$Lookup.getDirectMethod(BLjava/lang/Class;Ljava/lang/invoke/MemberName;Ljava/lang/invoke/MethodHandles$Lookup;)Ljava/lang/invoke/MethodHandle;+14 java.base@21.0.2
j  java.lang.invoke.MethodHandles$Lookup.findStatic(Ljava/lang/Class;Ljava/lang/String;Ljava/lang/invoke/MethodType;)Ljava/lang/invoke/MethodHandle;+23 java.base@21.0.2
j  java.lang.invoke.MethodHandleImpl$1.findStatic(Ljava/lang/Class;Ljava/lang/String;Ljava/lang/invoke/MethodType;)Ljava/lang/invoke/MethodHandle;+6 java.base@21.0.2
j  jdk.internal.reflect.MethodHandleAccessorFactory.getDirectMethod(Ljava/lang/reflect/Method;Z)Ljava/lang/invoke/MethodHandle;+36 java.base@21.0.2
j  jdk.internal.reflect.MethodHandleAccessorFactory.newMethodAccessor(Ljava/lang/reflect/Method;Z)Ljdk/internal/reflect/MethodAccessorImpl;+41 java.base@21.0.2
j  jdk.internal.reflect.ReflectionFactory.newMethodAccessor(Ljava/lang/reflect/Method;Z)Ljdk/internal/reflect/MethodAccessor;+28 java.base@21.0.2
j  java.lang.reflect.Method.acquireMethodAccessor()Ljdk/internal/reflect/MethodAccessor;+38 java.base@21.0.2
j  java.lang.reflect.Method.invoke(Ljava/lang/Object;[Ljava/lang/Object;)Ljava/lang/Object;+75 java.base@21.0.2
j  java.lang.Class.getEnumConstantsShared()[Ljava/lang/Object;+49 java.base@21.0.2
j  java.lang.Class.enumConstantDirectory()Ljava/util/Map;+10 java.base@21.0.2
j  java.lang.Enum.valueOf(Ljava/lang/Class;Ljava/lang/String;)Ljava/lang/Enum;+1 java.base@21.0.2
j  org.apache.maven.surefire.api.booter.Shutdown.valueOf(Ljava/lang/String;)Lorg/apache/maven/surefire/api/booter/Shutdown;+3
j  org.apache.maven.surefire.booter.BooterDeserializer.deserialize()Lorg/apache/maven/surefire/booter/ProviderConfiguration;+315
j  org.apache.maven.surefire.booter.ForkedBooter.setupBooter(Ljava/lang/String;Ljava/lang/String;Ljava/lang/String;Ljava/lang/String;)V+30
j  org.apache.maven.surefire.booter.ForkedBooter.run(Lorg/apache/maven/surefire/booter/ForkedBooter;[Ljava/lang/String;)V+23
j  org.apache.maven.surefire.booter.ForkedBooter.main([Ljava/lang/String;)V+10
v  ~StubRoutines::call_stub 0x000001a8420210e7
invokestatic  184 invokestatic  [0x000001a842039e60, 0x000001a84203a0f8]  664 bytes
[MachCode]
  0x000001a842039e60: 4883 ec08 | c5fa 1104 | 24eb 1f48 | 83ec 10c5 | fb11 0424 | eb14 4883 | ec10 4889 | 0424 48c7 
  0x000001a842039e80: 4424 0800 | 0000 00eb | 0150 4c89 | 6dc0 410f | b755 0148 | 8b4d d0c1 | e202 8b5c | d138 c1eb 
  0x000001a842039ea0: 1081 e3ff | 0000 0081 | fbb8 0000 | 000f 84b4 | 0000 00bb | b800 0000 | e805 0000 | 00e9 9900 
  0x000001a842039ec0: 0000 488b | d348 8d44 | 2408 4c89 | 6dc0 498b | cfc5 f877 | 4989 afa8 | 0300 0049 | 8987 9803 
  0x000001a842039ee0: 0000 4883 | ec20 40f6 | c40f 0f84 | 1900 0000 | 4883 ec08 | 48b8 806e | 0853 fe7f | 0000 ffd0 
  0x000001a842039f00: 4883 c408 | e90c 0000 | 0048 b880 | 6e08 53fe | 7f00 00ff | d048 83c4 | 2049 c787 | 9803 0000 
  0x000001a842039f20: 0000 0000 | 49c7 87a8 | 0300 0000 | 0000 0049 | c787 a003 | 0000 0000 | 0000 c5f8 | 7749 837f 
  0x000001a842039f40: 0800 0f84 | 0500 0000 | e9b3 6ffe | ff4c 8b6d | c04c 8b75 | c84e 8d74 | f500 c341 | 0fb7 5501 
  0x000001a842039f60: 488b 4dd0 | c1e2 0248 | 8b5c d140 | 488b 5b08 | 488b 5b08 | 488b 5b18 | 80bb 2001 | 0000 050f 
  0x000001a842039f80: 840d 0000 | 004c 3bbb | 3001 0000 | 0f85 21ff | ffff 488b | 5cd1 408b | 54d1 50c1 | ea1c 49ba 
  0x000001a842039fa0: 10c6 8f53 | fe7f 0000 | 498b 14d2 | 5248 8b45 | d848 85c0 | 0f84 1200 | 0000 4883 | 4008 0148 
  0x000001a842039fc0: 8358 0800 | 4883 c010 | 4889 45d8 | 488b 45d8 | 4885 c00f | 8411 0100 | 0080 78f0 | 0a0f 8507 
  0x000001a842039fe0: 0100 0048 | 83c0 084c | 8b68 f841 | 83ed 0041 | 83fd 020f | 8ce6 0000 | 004c 8b6b | 0845 0fb7 
  0x000001a84203a000: 6d2e 4c2b | 2841 83ed | 014e 8b6c | ec08 4d85 | ed75 0748 | 8348 0801 | eb41 458b | 6d08 49c1 
  0x000001a84203a020: e503 4c33 | 6808 49f7 | c5fc ffff | ff74 2c41 | f6c5 0275 | 2648 8378 | 0800 741b | 4883 7808 
  0x000001a84203a040: 0174 144c | 3368 0849 | f7c5 fcff | ffff 740b | 4883 4808 | 02eb 044c | 8968 0848 | 83c0 104c 
  0x000001a84203a060: 8b68 e841 | 83ed 0241 | 83fd 020f | 8c6e 0000 | 004c 8b6b | 0845 0fb7 | 6d2e 4c2b | 2841 83ed 
  0x000001a84203a080: 014e 8b6c | ec08 4d85 | ed75 0748 | 8348 0801 | eb41 458b | 6d08 49c1 | e503 4c33 | 6808 49f7 
  0x000001a84203a0a0: c5fc ffff | ff74 2c41 | f6c5 0275 | 2648 8378 | 0800 741b | 4883 7808 | 0174 144c | 3368 0849 
  0x000001a84203a0c0: f7c5 fcff | ffff 740b | 4883 4808 | 02eb 044c | 8968 0848 | 83c0 104c | 8b68 d841 | 83ed 0441 
  0x000001a84203a0e0: c1e5 0349 | 03c5 4889 | 45d8 4c8d | 6c24 084c | 896d f0ff | 6350 6690 
[/MachCode]

---------------  P R O C E S S  ---------------

Threads class SMR info:
_java_thread_list=0x000001a8531c2780, length=11, elements={
0x000001a830d9dc80, 0x000001a85304cf20, 0x000001a85304da00, 0x000001a8530440f0,
0x000001a853056fd0, 0x000001a853057a30, 0x000001a853058490, 0x000001a853058ef0,
0x000001a85305a200, 0x000001a8531e8f50, 0x000001a8531e99d0
}

Java Threads: ( => current thread )
=>0x000001a830d9dc80 JavaThread "main"                              [_thread_in_vm, id=48664, stack(0x0000009f4b500000,0x0000009f4b600000) (1024K)]
  0x000001a85304cf20 JavaThread "Reference Handler"          daemon [_thread_blocked, id=47684, stack(0x0000009f4bd00000,0x0000009f4be00000) (1024K)]
  0x000001a85304da00 JavaThread "Finalizer"                  daemon [_thread_blocked, id=50764, stack(0x0000009f4be00000,0x0000009f4bf00000) (1024K)]
  0x000001a8530440f0 JavaThread "Signal Dispatcher"          daemon [_thread_blocked, id=4336, stack(0x0000009f4bf00000,0x0000009f4c000000) (1024K)]
  0x000001a853056fd0 JavaThread "Attach Listener"            daemon [_thread_blocked, id=45084, stack(0x0000009f4c000000,0x0000009f4c100000) (1024K)]
  0x000001a853057a30 JavaThread "Service Thread"             daemon [_thread_blocked, id=48140, stack(0x0000009f4c100000,0x0000009f4c200000) (1024K)]
  0x000001a853058490 JavaThread "Monitor Deflation Thread"   daemon [_thread_blocked, id=48468, stack(0x0000009f4c200000,0x0000009f4c300000) (1024K)]
  0x000001a853058ef0 JavaThread "C2 CompilerThread0"         daemon [_thread_blocked, id=49016, stack(0x0000009f4c300000,0x0000009f4c400000) (1024K)]
  0x000001a85305a200 JavaThread "C1 CompilerThread0"         daemon [_thread_blocked, id=14020, stack(0x0000009f4c400000,0x0000009f4c500000) (1024K)]
  0x000001a8531e8f50 JavaThread "Notification Thread"        daemon [_thread_blocked, id=22704, stack(0x0000009f4c500000,0x0000009f4c600000) (1024K)]
  0x000001a8531e99d0 JavaThread "Common-Cleaner"             daemon [_thread_blocked, id=50484, stack(0x0000009f4c600000,0x0000009f4c700000) (1024K)]
Total: 11

Other Threads:
  0x000001a84ee245a0 VMThread "VM Thread"                           [id=28024, stack(0x0000009f4bc00000,0x0000009f4bd00000) (1024K)]
  0x000001a84eda31a0 WatcherThread "VM Periodic Task Thread"        [id=19592, stack(0x0000009f4bb00000,0x0000009f4bc00000) (1024K)]
  0x000001a830eeefe0 WorkerThread "GC Thread#0"                     [id=47476, stack(0x0000009f4b600000,0x0000009f4b700000) (1024K)]
  0x000001a830eff7c0 ConcurrentGCThread "G1 Main Marker"            [id=46400, stack(0x0000009f4b700000,0x0000009f4b800000) (1024K)]
  0x000001a830f002c0 WorkerThread "G1 Conc#0"                       [id=44748, stack(0x0000009f4b800000,0x0000009f4b900000) (1024K)]
  0x000001a830f6e9a0 ConcurrentGCThread "G1 Refine#0"               [id=47348, stack(0x0000009f4b900000,0x0000009f4ba00000) (1024K)]
  0x000001a84ec76550 ConcurrentGCThread "G1 Service"                [id=42664, stack(0x0000009f4ba00000,0x0000009f4bb00000) (1024K)]
Total: 7

Threads with active compile tasks:
Total: 0

VM state: not at safepoint (normal execution)

VM Mutex/Monitor currently owned by a thread:  ([mutex/lock_event])
[0x00007ffe538eace8] Metaspace_lock - owner thread: 0x000001a830d9dc80

Heap address: 0x0000000084000000, size: 1984 MB, Compressed Oops mode: 32-bit

CDS archive(s) not mapped
Compressed class space mapped at: 0x0000000100000000-0x0000000140000000, reserved size: 1073741824
Narrow klass base: 0x0000000000000000, Narrow klass shift: 3, Narrow klass range: 0x140000000

GC Precious Log:
 CardTable entry size: 512
 Card Set container configuration: InlinePtr #cards 5 size 8 Array Of Cards #cards 12 size 40 Howl #buckets 4 coarsen threshold 1843 Howl Bitmap #cards 512 size 80 coarsen threshold 460 Card regions per heap region 1 cards per card region 2048
 CPUs: 4 total, 4 available
 Memory: 7934M
 Large Page Support: Disabled
 NUMA Support: Disabled
 Compressed Oops: Enabled (32-bit)
 Heap Region Size: 1M
 Heap Min Capacity: 8M
 Heap Initial Capacity: 124M
 Heap Max Capacity: 1984M
 Pre-touch: Disabled
 Parallel Workers: 4
 Concurrent Workers: 1
 Concurrent Refinement Workers: 4
 Periodic GC: Disabled

Heap:
 garbage-first heap   total 126976K, used 2048K [0x0000000084000000, 0x0000000100000000)
  region size 1024K, 3 young (3072K), 0 survivors (0K)
 Metaspace       used 5878K, committed 5952K, reserved 1114112K
  class space    used 478K, committed 512K, reserved 1048576K

Heap Regions: E=young(eden), S=young(survivor), O=old, HS=humongous(starts), HC=humongous(continues), CS=collection set, F=free, TAMS=top-at-mark-start, PB=parsable bottom
|   0|0x0000000084000000, 0x0000000084000000, 0x0000000084100000|  0%| F|  |TAMS 0x0000000084000000| PB 0x0000000084000000| Untracked 
|   1|0x0000000084100000, 0x0000000084100000, 0x0000000084200000|  0%| F|  |TAMS 0x0000000084100000| PB 0x0000000084100000| Untracked 
|   2|0x0000000084200000, 0x0000000084200000, 0x0000000084300000|  0%| F|  |TAMS 0x0000000084200000| PB 0x0000000084200000| Untracked 
|   3|0x0000000084300000, 0x0000000084300000, 0x0000000084400000|  0%| F|  |TAMS 0x0000000084300000| PB 0x0000000084300000| Untracked 
|   4|0x0000000084400000, 0x0000000084400000, 0x0000000084500000|  0%| F|  |TAMS 0x0000000084400000| PB 0x0000000084400000| Untracked 
|   5|0x0000000084500000, 0x0000000084500000, 0x0000000084600000|  0%| F|  |TAMS 0x0000000084500000| PB 0x0000000084500000| Untracked 
|   6|0x0000000084600000, 0x0000000084600000, 0x0000000084700000|  0%| F|  |TAMS 0x0000000084600000| PB 0x0000000084600000| Untracked 
|   7|0x0000000084700000, 0x0000000084700000, 0x0000000084800000|  0%| F|  |TAMS 0x0000000084700000| PB 0x0000000084700000| Untracked 
|   8|0x0000000084800000, 0x0000000084800000, 0x0000000084900000|  0%| F|  |TAMS 0x0000000084800000| PB 0x0000000084800000| Untracked 
|   9|0x0000000084900000, 0x0000000084900000, 0x0000000084a00000|  0%| F|  |TAMS 0x0000000084900000| PB 0x0000000084900000| Untracked 
|  10|0x0000000084a00000, 0x0000000084a00000, 0x0000000084b00000|  0%| F|  |TAMS 0x0000000084a00000| PB 0x0000000084a00000| Untracked 
|  11|0x0000000084b00000, 0x0000000084b00000, 0x0000000084c00000|  0%| F|  |TAMS 0x0000000084b00000| PB 0x0000000084b00000| Untracked 
|  12|0x0000000084c00000, 0x0000000084c00000, 0x0000000084d00000|  0%| F|  |TAMS 0x0000000084c00000| PB 0x0000000084c00000| Untracked 
|  13|0x0000000084d00000, 0x0000000084d00000, 0x0000000084e00000|  0%| F|  |TAMS 0x0000000084d00000| PB 0x0000000084d00000| Untracked 
|  14|0x0000000084e00000, 0x0000000084e00000, 0x0000000084f00000|  0%| F|  |TAMS 0x0000000084e00000| PB 0x0000000084e00000| Untracked 
|  15|0x0000000084f00000, 0x0000000084f00000, 0x0000000085000000|  0%| F|  |TAMS 0x0000000084f00000| PB 0x0000000084f00000| Untracked 
|  16|0x0000000085000000, 0x0000000085000000, 0x0000000085100000|  0%| F|  |TAMS 0x0000000085000000| PB 0x0000000085000000| Untracked 
|  17|0x0000000085100000, 0x0000000085100000, 0x0000000085200000|  0%| F|  |TAMS 0x0000000085100000| PB 0x0000000085100000| Untracked 
|  18|0x0000000085200000, 0x0000000085200000, 0x0000000085300000|  0%| F|  |TAMS 0x0000000085200000| PB 0x0000000085200000| Untracked 
|  19|0x0000000085300000, 0x0000000085300000, 0x0000000085400000|  0%| F|  |TAMS 0x0000000085300000| PB 0x0000000085300000| Untracked 
|  20|0x0000000085400000, 0x0000000085400000, 0x0000000085500000|  0%| F|  |TAMS 0x0000000085400000| PB 0x0000000085400000| Untracked 
|  21|0x0000000085500000, 0x0000000085500000, 0x0000000085600000|  0%| F|  |TAMS 0x0000000085500000| PB 0x0000000085500000| Untracked 
|  22|0x0000000085600000, 0x0000000085600000, 0x0000000085700000|  0%| F|  |TAMS 0x0000000085600000| PB 0x0000000085600000| Untracked 
|  23|0x0000000085700000, 0x0000000085700000, 0x0000000085800000|  0%| F|  |TAMS 0x0000000085700000| PB 0x0000000085700000| Untracked 
|  24|0x0000000085800000, 0x0000000085800000, 0x0000000085900000|  0%| F|  |TAMS 0x0000000085800000| PB 0x0000000085800000| Untracked 
|  25|0x0000000085900000, 0x0000000085900000, 0x0000000085a00000|  0%| F|  |TAMS 0x0000000085900000| PB 0x0000000085900000| Untracked 
|  26|0x0000000085a00000, 0x0000000085a00000, 0x0000000085b00000|  0%| F|  |TAMS 0x0000000085a00000| PB 0x0000000085a00000| Untracked 
|  27|0x0000000085b00000, 0x0000000085b00000, 0x0000000085c00000|  0%| F|  |TAMS 0x0000000085b00000| PB 0x0000000085b00000| Untracked 
|  28|0x0000000085c00000, 0x0000000085c00000, 0x0000000085d00000|  0%| F|  |TAMS 0x0000000085c00000| PB 0x0000000085c00000| Untracked 
|  29|0x0000000085d00000, 0x0000000085d00000, 0x0000000085e00000|  0%| F|  |TAMS 0x0000000085d00000| PB 0x0000000085d00000| Untracked 
|  30|0x0000000085e00000, 0x0000000085e00000, 0x0000000085f00000|  0%| F|  |TAMS 0x0000000085e00000| PB 0x0000000085e00000| Untracked 
|  31|0x0000000085f00000, 0x0000000085f00000, 0x0000000086000000|  0%| F|  |TAMS 0x0000000085f00000| PB 0x0000000085f00000| Untracked 
|  32|0x0000000086000000, 0x0000000086000000, 0x0000000086100000|  0%| F|  |TAMS 0x0000000086000000| PB 0x0000000086000000| Untracked 
|  33|0x0000000086100000, 0x0000000086100000, 0x0000000086200000|  0%| F|  |TAMS 0x0000000086100000| PB 0x0000000086100000| Untracked 
|  34|0x0000000086200000, 0x0000000086200000, 0x0000000086300000|  0%| F|  |TAMS 0x0000000086200000| PB 0x0000000086200000| Untracked 
|  35|0x0000000086300000, 0x0000000086300000, 0x0000000086400000|  0%| F|  |TAMS 0x0000000086300000| PB 0x0000000086300000| Untracked 
|  36|0x0000000086400000, 0x0000000086400000, 0x0000000086500000|  0%| F|  |TAMS 0x0000000086400000| PB 0x0000000086400000| Untracked 
|  37|0x0000000086500000, 0x0000000086500000, 0x0000000086600000|  0%| F|  |TAMS 0x0000000086500000| PB 0x0000000086500000| Untracked 
|  38|0x0000000086600000, 0x0000000086600000, 0x0000000086700000|  0%| F|  |TAMS 0x0000000086600000| PB 0x0000000086600000| Untracked 
|  39|0x0000000086700000, 0x0000000086700000, 0x0000000086800000|  0%| F|  |TAMS 0x0000000086700000| PB 0x0000000086700000| Untracked 
|  40|0x0000000086800000, 0x0000000086800000, 0x0000000086900000|  0%| F|  |TAMS 0x0000000086800000| PB 0x0000000086800000| Untracked 
|  41|0x0000000086900000, 0x0000000086900000, 0x0000000086a00000|  0%| F|  |TAMS 0x0000000086900000| PB 0x0000000086900000| Untracked 
|  42|0x0000000086a00000, 0x0000000086a00000, 0x0000000086b00000|  0%| F|  |TAMS 0x0000000086a00000| PB 0x0000000086a00000| Untracked 
|  43|0x0000000086b00000, 0x0000000086b00000, 0x0000000086c00000|  0%| F|  |TAMS 0x0000000086b00000| PB 0x0000000086b00000| Untracked 
|  44|0x0000000086c00000, 0x0000000086c00000, 0x0000000086d00000|  0%| F|  |TAMS 0x0000000086c00000| PB 0x0000000086c00000| Untracked 
|  45|0x0000000086d00000, 0x0000000086d00000, 0x0000000086e00000|  0%| F|  |TAMS 0x0000000086d00000| PB 0x0000000086d00000| Untracked 
|  46|0x0000000086e00000, 0x0000000086e00000, 0x0000000086f00000|  0%| F|  |TAMS 0x0000000086e00000| PB 0x0000000086e00000| Untracked 
|  47|0x0000000086f00000, 0x0000000086f00000, 0x0000000087000000|  0%| F|  |TAMS 0x0000000086f00000| PB 0x0000000086f00000| Untracked 
|  48|0x0000000087000000, 0x0000000087000000, 0x0000000087100000|  0%| F|  |TAMS 0x0000000087000000| PB 0x0000000087000000| Untracked 
|  49|0x0000000087100000, 0x0000000087100000, 0x0000000087200000|  0%| F|  |TAMS 0x0000000087100000| PB 0x0000000087100000| Untracked 
|  50|0x0000000087200000, 0x0000000087200000, 0x0000000087300000|  0%| F|  |TAMS 0x0000000087200000| PB 0x0000000087200000| Untracked 
|  51|0x0000000087300000, 0x0000000087300000, 0x0000000087400000|  0%| F|  |TAMS 0x0000000087300000| PB 0x0000000087300000| Untracked 
|  52|0x0000000087400000, 0x0000000087400000, 0x0000000087500000|  0%| F|  |TAMS 0x0000000087400000| PB 0x0000000087400000| Untracked 
|  53|0x0000000087500000, 0x0000000087500000, 0x0000000087600000|  0%| F|  |TAMS 0x0000000087500000| PB 0x0000000087500000| Untracked 
|  54|0x0000000087600000, 0x0000000087600000, 0x0000000087700000|  0%| F|  |TAMS 0x0000000087600000| PB 0x0000000087600000| Untracked 
|  55|0x0000000087700000, 0x0000000087700000, 0x0000000087800000|  0%| F|  |TAMS 0x0000000087700000| PB 0x0000000087700000| Untracked 
|  56|0x0000000087800000, 0x0000000087800000, 0x0000000087900000|  0%| F|  |TAMS 0x0000000087800000| PB 0x0000000087800000| Untracked 
|  57|0x0000000087900000, 0x0000000087900000, 0x0000000087a00000|  0%| F|  |TAMS 0x0000000087900000| PB 0x0000000087900000| Untracked 
|  58|0x0000000087a00000, 0x0000000087a00000, 0x0000000087b00000|  0%| F|  |TAMS 0x0000000087a00000| PB 0x0000000087a00000| Untracked 
|  59|0x0000000087b00000, 0x0000000087b00000, 0x0000000087c00000|  0%| F|  |TAMS 0x0000000087b00000| PB 0x0000000087b00000| Untracked 
|  60|0x0000000087c00000, 0x0000000087c00000, 0x0000000087d00000|  0%| F|  |TAMS 0x0000000087c00000| PB 0x0000000087c00000| Untracked 
|  61|0x0000000087d00000, 0x0000000087d00000, 0x0000000087e00000|  0%| F|  |TAMS 0x0000000087d00000| PB 0x0000000087d00000| Untracked 
|  62|0x0000000087e00000, 0x0000000087e00000, 0x0000000087f00000|  0%| F|  |TAMS 0x0000000087e00000| PB 0x0000000087e00000| Untracked 
|  63|0x0000000087f00000, 0x0000000087f00000, 0x0000000088000000|  0%| F|  |TAMS 0x0000000087f00000| PB 0x0000000087f00000| Untracked 
|  64|0x0000000088000000, 0x0000000088000000, 0x0000000088100000|  0%| F|  |TAMS 0x0000000088000000| PB 0x0000000088000000| Untracked 
|  65|0x0000000088100000, 0x0000000088100000, 0x0000000088200000|  0%| F|  |TAMS 0x0000000088100000| PB 0x0000000088100000| Untracked 
|  66|0x0000000088200000, 0x0000000088200000, 0x0000000088300000|  0%| F|  |TAMS 0x0000000088200000| PB 0x0000000088200000| Untracked 
|  67|0x0000000088300000, 0x0000000088300000, 0x0000000088400000|  0%| F|  |TAMS 0x0000000088300000| PB 0x0000000088300000| Untracked 
|  68|0x0000000088400000, 0x0000000088400000, 0x0000000088500000|  0%| F|  |TAMS 0x0000000088400000| PB 0x0000000088400000| Untracked 
|  69|0x0000000088500000, 0x0000000088500000, 0x0000000088600000|  0%| F|  |TAMS 0x0000000088500000| PB 0x0000000088500000| Untracked 
|  70|0x0000000088600000, 0x0000000088600000, 0x0000000088700000|  0%| F|  |TAMS 0x0000000088600000| PB 0x0000000088600000| Untracked 
|  71|0x0000000088700000, 0x0000000088700000, 0x0000000088800000|  0%| F|  |TAMS 0x0000000088700000| PB 0x0000000088700000| Untracked 
|  72|0x0000000088800000, 0x0000000088800000, 0x0000000088900000|  0%| F|  |TAMS 0x0000000088800000| PB 0x0000000088800000| Untracked 
|  73|0x0000000088900000, 0x0000000088900000, 0x0000000088a00000|  0%| F|  |TAMS 0x0000000088900000| PB 0x0000000088900000| Untracked 
|  74|0x0000000088a00000, 0x0000000088a00000, 0x0000000088b00000|  0%| F|  |TAMS 0x0000000088a00000| PB 0x0000000088a00000| Untracked 
|  75|0x0000000088b00000, 0x0000000088b00000, 0x0000000088c00000|  0%| F|  |TAMS 0x0000000088b00000| PB 0x0000000088b00000| Untracked 
|  76|0x0000000088c00000, 0x0000000088c00000, 0x0000000088d00000|  0%| F|  |TAMS 0x0000000088c00000| PB 0x0000000088c00000| Untracked 
|  77|0x0000000088d00000, 0x0000000088d00000, 0x0000000088e00000|  0%| F|  |TAMS 0x0000000088d00000| PB 0x0000000088d00000| Untracked 
|  78|0x0000000088e00000, 0x0000000088e00000, 0x0000000088f00000|  0%| F|  |TAMS 0x0000000088e00000| PB 0x0000000088e00000| Untracked 
|  79|0x0000000088f00000, 0x0000000088f00000, 0x0000000089000000|  0%| F|  |TAMS 0x0000000088f00000| PB 0x0000000088f00000| Untracked 
|  80|0x0000000089000000, 0x0000000089000000, 0x0000000089100000|  0%| F|  |TAMS 0x0000000089000000| PB 0x0000000089000000| Untracked 
|  81|0x0000000089100000, 0x0000000089100000, 0x0000000089200000|  0%| F|  |TAMS 0x0000000089100000| PB 0x0000000089100000| Untracked 
|  82|0x0000000089200000, 0x0000000089200000, 0x0000000089300000|  0%| F|  |TAMS 0x0000000089200000| PB 0x0000000089200000| Untracked 
|  83|0x0000000089300000, 0x0000000089300000, 0x0000000089400000|  0%| F|  |TAMS 0x0000000089300000| PB 0x0000000089300000| Untracked 
|  84|0x0000000089400000, 0x0000000089400000, 0x0000000089500000|  0%| F|  |TAMS 0x0000000089400000| PB 0x0000000089400000| Untracked 
|  85|0x0000000089500000, 0x0000000089500000, 0x0000000089600000|  0%| F|  |TAMS 0x0000000089500000| PB 0x0000000089500000| Untracked 
|  86|0x0000000089600000, 0x0000000089600000, 0x0000000089700000|  0%| F|  |TAMS 0x0000000089600000| PB 0x0000000089600000| Untracked 
|  87|0x0000000089700000, 0x0000000089700000, 0x0000000089800000|  0%| F|  |TAMS 0x0000000089700000| PB 0x0000000089700000| Untracked 
|  88|0x0000000089800000, 0x0000000089800000, 0x0000000089900000|  0%| F|  |TAMS 0x0000000089800000| PB 0x0000000089800000| Untracked 
|  89|0x0000000089900000, 0x0000000089900000, 0x0000000089a00000|  0%| F|  |TAMS 0x0000000089900000| PB 0x0000000089900000| Untracked 
|  90|0x0000000089a00000, 0x0000000089a00000, 0x0000000089b00000|  0%| F|  |TAMS 0x0000000089a00000| PB 0x0000000089a00000| Untracked 
|  91|0x0000000089b00000, 0x0000000089b00000, 0x0000000089c00000|  0%| F|  |TAMS 0x0000000089b00000| PB 0x0000000089b00000| Untracked 
|  92|0x0000000089c00000, 0x0000000089c00000, 0x0000000089d00000|  0%| F|  |TAMS 0x0000000089c00000| PB 0x0000000089c00000| Untracked 
|  93|0x0000000089d00000, 0x0000000089d00000, 0x0000000089e00000|  0%| F|  |TAMS 0x0000000089d00000| PB 0x0000000089d00000| Untracked 
|  94|0x0000000089e00000, 0x0000000089e00000, 0x0000000089f00000|  0%| F|  |TAMS 0x0000000089e00000| PB 0x0000000089e00000| Untracked 
|  95|0x0000000089f00000, 0x0000000089f00000, 0x000000008a000000|  0%| F|  |TAMS 0x0000000089f00000| PB 0x0000000089f00000| Untracked 
|  96|0x000000008a000000, 0x000000008a000000, 0x000000008a100000|  0%| F|  |TAMS 0x000000008a000000| PB 0x000000008a000000| Untracked 
|  97|0x000000008a100000, 0x000000008a100000, 0x000000008a200000|  0%| F|  |TAMS 0x000000008a100000| PB 0x000000008a100000| Untracked 
|  98|0x000000008a200000, 0x000000008a200000, 0x000000008a300000|  0%| F|  |TAMS 0x000000008a200000| PB 0x000000008a200000| Untracked 
|  99|0x000000008a300000, 0x000000008a300000, 0x000000008a400000|  0%| F|  |TAMS 0x000000008a300000| PB 0x000000008a300000| Untracked 
| 100|0x000000008a400000, 0x000000008a400000, 0x000000008a500000|  0%| F|  |TAMS 0x000000008a400000| PB 0x000000008a400000| Untracked 
| 101|0x000000008a500000, 0x000000008a500000, 0x000000008a600000|  0%| F|  |TAMS 0x000000008a500000| PB 0x000000008a500000| Untracked 
| 102|0x000000008a600000, 0x000000008a600000, 0x000000008a700000|  0%| F|  |TAMS 0x000000008a600000| PB 0x000000008a600000| Untracked 
| 103|0x000000008a700000, 0x000000008a700000, 0x000000008a800000|  0%| F|  |TAMS 0x000000008a700000| PB 0x000000008a700000| Untracked 
| 104|0x000000008a800000, 0x000000008a800000, 0x000000008a900000|  0%| F|  |TAMS 0x000000008a800000| PB 0x000000008a800000| Untracked 
| 105|0x000000008a900000, 0x000000008a900000, 0x000000008aa00000|  0%| F|  |TAMS 0x000000008a900000| PB 0x000000008a900000| Untracked 
| 106|0x000000008aa00000, 0x000000008aa00000, 0x000000008ab00000|  0%| F|  |TAMS 0x000000008aa00000| PB 0x000000008aa00000| Untracked 
| 107|0x000000008ab00000, 0x000000008ab00000, 0x000000008ac00000|  0%| F|  |TAMS 0x000000008ab00000| PB 0x000000008ab00000| Untracked 
| 108|0x000000008ac00000, 0x000000008ac00000, 0x000000008ad00000|  0%| F|  |TAMS 0x000000008ac00000| PB 0x000000008ac00000| Untracked 
| 109|0x000000008ad00000, 0x000000008ad00000, 0x000000008ae00000|  0%| F|  |TAMS 0x000000008ad00000| PB 0x000000008ad00000| Untracked 
| 110|0x000000008ae00000, 0x000000008ae00000, 0x000000008af00000|  0%| F|  |TAMS 0x000000008ae00000| PB 0x000000008ae00000| Untracked 
| 111|0x000000008af00000, 0x000000008af00000, 0x000000008b000000|  0%| F|  |TAMS 0x000000008af00000| PB 0x000000008af00000| Untracked 
| 112|0x000000008b000000, 0x000000008b000000, 0x000000008b100000|  0%| F|  |TAMS 0x000000008b000000| PB 0x000000008b000000| Untracked 
| 113|0x000000008b100000, 0x000000008b100000, 0x000000008b200000|  0%| F|  |TAMS 0x000000008b100000| PB 0x000000008b100000| Untracked 
| 114|0x000000008b200000, 0x000000008b200000, 0x000000008b300000|  0%| F|  |TAMS 0x000000008b200000| PB 0x000000008b200000| Untracked 
| 115|0x000000008b300000, 0x000000008b300000, 0x000000008b400000|  0%| F|  |TAMS 0x000000008b300000| PB 0x000000008b300000| Untracked 
| 116|0x000000008b400000, 0x000000008b400000, 0x000000008b500000|  0%| F|  |TAMS 0x000000008b400000| PB 0x000000008b400000| Untracked 
| 117|0x000000008b500000, 0x000000008b500000, 0x000000008b600000|  0%| F|  |TAMS 0x000000008b500000| PB 0x000000008b500000| Untracked 
| 118|0x000000008b600000, 0x000000008b600000, 0x000000008b700000|  0%| F|  |TAMS 0x000000008b600000| PB 0x000000008b600000| Untracked 
| 119|0x000000008b700000, 0x000000008b700000, 0x000000008b800000|  0%| F|  |TAMS 0x000000008b700000| PB 0x000000008b700000| Untracked 
| 120|0x000000008b800000, 0x000000008b800000, 0x000000008b900000|  0%| F|  |TAMS 0x000000008b800000| PB 0x000000008b800000| Untracked 
| 121|0x000000008b900000, 0x000000008b9fddc8, 0x000000008ba00000| 99%| E|  |TAMS 0x000000008b900000| PB 0x000000008b900000| Complete 
| 122|0x000000008ba00000, 0x000000008bb00000, 0x000000008bb00000|100%| E|CS|TAMS 0x000000008ba00000| PB 0x000000008ba00000| Complete 
| 123|0x000000008bb00000, 0x000000008bc00000, 0x000000008bc00000|100%| E|CS|TAMS 0x000000008bb00000| PB 0x000000008bb00000| Complete 

Card table byte_map: [0x000001a84a4f0000,0x000001a84a8d0000] _byte_map_base: 0x000001a84a0d0000

Marking Bits: (CMBitMap*) 0x000001a830eef6e0
 Bits: [0x000001a84a8d0000, 0x000001a84c7d0000)

Polling page: 0x000001a830d40000

Metaspace:

Usage:
  Non-class:      5.27 MB used.
      Class:    478.84 KB used.
       Both:      5.74 MB used.

Virtual space:
  Non-class space:       64.00 MB reserved,       5.31 MB (  8%) committed,  1 nodes.
      Class space:        1.00 GB reserved,     512.00 KB ( <1%) committed,  1 nodes.
             Both:        1.06 GB reserved,       5.81 MB ( <1%) committed. 

Chunk freelists:
   Non-Class:  10.34 MB
       Class:  15.50 MB
        Both:  25.84 MB

MaxMetaspaceSize: unlimited
CompressedClassSpaceSize: 1.00 GB
Initial GC threshold: 21.00 MB
Current GC threshold: 21.00 MB
CDS: off
 - commit_granule_bytes: 65536.
 - commit_granule_words: 8192.
 - virtual_space_node_default_size: 8388608.
 - enlarge_chunks_in_place: 1.
 - use_allocation_guard: 0.


Internal statistics:

num_allocs_failed_limit: 0.
num_arena_births: 4.
num_arena_deaths: 0.
num_vsnodes_births: 2.
num_vsnodes_deaths: 0.
num_space_committed: 93.
num_space_uncommitted: 0.
num_chunks_returned_to_freelist: 0.
num_chunks_taken_from_freelist: 21.
num_chunk_merges: 0.
num_chunk_splits: 9.
num_chunks_enlarged: 5.
num_inconsistent_stats: 0.

CodeHeap 'non-profiled nmethods': size=120000Kb used=42Kb max_used=42Kb free=119957Kb
 bounds [0x000001a8425c0000, 0x000001a842830000, 0x000001a849af0000]
CodeHeap 'profiled nmethods': size=120000Kb used=291Kb max_used=291Kb free=119708Kb
 bounds [0x000001a83aaf0000, 0x000001a83ad60000, 0x000001a842020000]
CodeHeap 'non-nmethods': size=5760Kb used=1330Kb max_used=1330Kb free=4429Kb
 bounds [0x000001a842020000, 0x000001a842290000, 0x000001a8425c0000]
 total_blobs=546 nmethods=186 adapters=265
 compilation: enabled
              stopped_count=0, restarted_count=0
 full_count=0

Compilation events (20 events):
Event: 0.300 Thread 0x000001a85305a200  176       3       java.util.zip.ZipFile$Source::zipCoderForPos (39 bytes)
Event: 0.300 Thread 0x000001a85305a200 nmethod 176 0x000001a83ab35010 code [0x000001a83ab351e0, 0x000001a83ab355c0]
Event: 0.300 Thread 0x000001a85305a200  177       3       java.util.zip.ZipCoder$UTF8ZipCoder::checkedHash (79 bytes)
Event: 0.300 Thread 0x000001a853058ef0  181 %     4       java.lang.StringCoding::countPositives @ 7 (33 bytes)
Event: 0.301 Thread 0x000001a85305a200 nmethod 177 0x000001a83ab35790 code [0x000001a83ab359a0, 0x000001a83ab35df0]
Event: 0.301 Thread 0x000001a85305a200  178       3       java.lang.System$2::countPositives (7 bytes)
Event: 0.301 Thread 0x000001a85305a200 nmethod 178 0x000001a83ab36010 code [0x000001a83ab361c0, 0x000001a83ab36448]
Event: 0.301 Thread 0x000001a85305a200  179       3       java.util.zip.ZipFile$Source::isMetaName (141 bytes)
Event: 0.301 Thread 0x000001a85305a200 nmethod 179 0x000001a83ab36590 code [0x000001a83ab36760, 0x000001a83ab36c40]
Event: 0.301 Thread 0x000001a85305a200  180       3       java.util.zip.ZipFile$Source::nextEntryPos (22 bytes)
Event: 0.301 Thread 0x000001a85305a200 nmethod 180 0x000001a83ab36e10 code [0x000001a83ab36fe0, 0x000001a83ab37308]
Event: 0.302 Thread 0x000001a85305a200  182   !   3       jdk.internal.misc.Blocker::begin (97 bytes)
Event: 0.302 Thread 0x000001a85305a200 nmethod 182 0x000001a83ab37510 code [0x000001a83ab37740, 0x000001a83ab37fe8]
Event: 0.302 Thread 0x000001a85305a200  183       3       jdk.internal.misc.Blocker::end (71 bytes)
Event: 0.303 Thread 0x000001a85305a200 nmethod 183 0x000001a83ab38210 code [0x000001a83ab38400, 0x000001a83ab388a0]
Event: 0.303 Thread 0x000001a85305a200  184       3       java.lang.String::checkBoundsOffCount (10 bytes)
Event: 0.303 Thread 0x000001a85305a200 nmethod 184 0x000001a83ab38a10 code [0x000001a83ab38bc0, 0x000001a83ab38dd0]
Event: 0.304 Thread 0x000001a853058ef0 nmethod 181% 0x000001a8425ca090 code [0x000001a8425ca220, 0x000001a8425ca460]
Event: 0.309 Thread 0x000001a85305a200  185       1       java.util.jar.Attributes$Name::hashCode (5 bytes)
Event: 0.309 Thread 0x000001a85305a200 nmethod 185 0x000001a8425ca590 code [0x000001a8425ca720, 0x000001a8425ca7e8]

GC Heap History (0 events):
No events

Dll operation events (5 events):
Event: 0.011 Loaded shared library C:\Users\okeow\.jdks\openjdk-21.0.2\bin\java.dll
Event: 0.141 Loaded shared library C:\Users\okeow\.jdks\openjdk-21.0.2\bin\jsvml.dll
Event: 0.227 Loaded shared library C:\Users\okeow\.jdks\openjdk-21.0.2\bin\net.dll
Event: 0.231 Loaded shared library C:\Users\okeow\.jdks\openjdk-21.0.2\bin\nio.dll
Event: 0.245 Loaded shared library C:\Users\okeow\.jdks\openjdk-21.0.2\bin\zip.dll

Deoptimization events (2 events):
Event: 0.299 Thread 0x000001a830d9dc80 DEOPT PACKING pc=0x000001a83ab07f78 sp=0x0000009f4b5fcb50
Event: 0.299 Thread 0x000001a830d9dc80 DEOPT UNPACKING pc=0x000001a8420788e2 sp=0x0000009f4b5fbf70 mode 0

Classes loaded (20 events):
Event: 0.312 Loading class java/lang/invoke/LambdaForm$NamedFunction
Event: 0.312 Loading class java/lang/invoke/LambdaForm$NamedFunction done
Event: 0.312 Loading class java/lang/invoke/MethodHandleImpl$1
Event: 0.312 Loading class jdk/internal/access/JavaLangInvokeAccess
Event: 0.313 Loading class jdk/internal/access/JavaLangInvokeAccess done
Event: 0.313 Loading class java/lang/invoke/MethodHandleImpl$1 done
Event: 0.313 Loading class java/lang/NoSuchMethodException
Event: 0.313 Loading class java/lang/NoSuchMethodException done
Event: 0.313 Loading class sun/invoke/util/Wrapper
Event: 0.314 Loading class sun/invoke/util/Wrapper done
Event: 0.314 Loading class sun/invoke/util/Wrapper$Format
Event: 0.314 Loading class sun/invoke/util/Wrapper$Format done
Event: 0.315 Loading class java/lang/invoke/DirectMethodHandle$Holder
Event: 0.315 Loading class java/lang/invoke/DirectMethodHandle$Holder done
Event: 0.316 Loading class sun/invoke/util/ValueConversions
Event: 0.316 Loading class sun/invoke/util/ValueConversions done
Event: 0.317 Loading class java/lang/invoke/Invokers
Event: 0.317 Loading class java/lang/invoke/Invokers done
Event: 0.317 Loading class java/lang/invoke/LambdaForm$Kind
Event: 0.318 Loading class java/lang/invoke/LambdaForm$Kind done

Classes unloaded (0 events):
No events

Classes redefined (0 events):
No events

Internal exceptions (0 events):
No events

ZGC Phase Switch (0 events):
No events

VM Operations (2 events):
Event: 0.248 Executing VM operation: HandshakeAllThreads (Deoptimize)
Event: 0.248 Executing VM operation: HandshakeAllThreads (Deoptimize) done

Events (11 events):
Event: 0.019 Thread 0x000001a830d9dc80 Thread added: 0x000001a830d9dc80
Event: 0.133 Thread 0x000001a85304cf20 Thread added: 0x000001a85304cf20
Event: 0.134 Thread 0x000001a85304da00 Thread added: 0x000001a85304da00
Event: 0.137 Thread 0x000001a8530440f0 Thread added: 0x000001a8530440f0
Event: 0.137 Thread 0x000001a853056fd0 Thread added: 0x000001a853056fd0
Event: 0.137 Thread 0x000001a853057a30 Thread added: 0x000001a853057a30
Event: 0.137 Thread 0x000001a853058490 Thread added: 0x000001a853058490
Event: 0.137 Thread 0x000001a853058ef0 Thread added: 0x000001a853058ef0
Event: 0.138 Thread 0x000001a85305a200 Thread added: 0x000001a85305a200
Event: 0.203 Thread 0x000001a8531e8f50 Thread added: 0x000001a8531e8f50
Event: 0.210 Thread 0x000001a8531e99d0 Thread added: 0x000001a8531e99d0


Dynamic libraries:
0x00007ff68af60000 - 0x00007ff68af6e000 	C:\Users\okeow\.jdks\openjdk-21.0.2\bin\java.exe
0x00007ffebddc0000 - 0x00007ffebdfc9000 	C:\WINDOWS\SYSTEM32\ntdll.dll
0x00007ffeb3ae0000 - 0x00007ffeb3af9000 	C:\Program Files\Avast Software\Avast\aswhook.dll
0x00007ffebce50000 - 0x00007ffebcf0d000 	C:\WINDOWS\System32\KERNEL32.DLL
0x00007ffebb760000 - 0x00007ffebbae4000 	C:\WINDOWS\System32\KERNELBASE.dll
0x00007ffebb4d0000 - 0x00007ffebb5e1000 	C:\WINDOWS\System32\ucrtbase.dll
0x00007ffeb8130000 - 0x00007ffeb8148000 	C:\Users\okeow\.jdks\openjdk-21.0.2\bin\jli.dll
0x00007ffebc490000 - 0x00007ffebc63d000 	C:\WINDOWS\System32\USER32.dll
0x00007ffebb420000 - 0x00007ffebb446000 	C:\WINDOWS\System32\win32u.dll
0x00007ffebcbc0000 - 0x00007ffebcbea000 	C:\WINDOWS\System32\GDI32.dll
0x00007ffebbaf0000 - 0x00007ffebbc0e000 	C:\WINDOWS\System32\gdi32full.dll
0x00007ffebb250000 - 0x00007ffebb2ed000 	C:\WINDOWS\System32\msvcp_win.dll
0x00007ffeb8150000 - 0x00007ffeb816b000 	C:\Users\okeow\.jdks\openjdk-21.0.2\bin\VCRUNTIME140.dll
0x00007ffea7a00000 - 0x00007ffea7ca5000 	C:\WINDOWS\WinSxS\amd64_microsoft.windows.common-controls_6595b64144ccf1df_6.0.22000.120_none_9d947278b86cc467\COMCTL32.dll
0x00007ffebdcc0000 - 0x00007ffebdd63000 	C:\WINDOWS\System32\msvcrt.dll
0x00007ffebce10000 - 0x00007ffebce41000 	C:\WINDOWS\System32\IMM32.DLL
0x00007ffeb8120000 - 0x00007ffeb812c000 	C:\Users\okeow\.jdks\openjdk-21.0.2\bin\vcruntime140_1.dll
0x00007ffeb3830000 - 0x00007ffeb38be000 	C:\Users\okeow\.jdks\openjdk-21.0.2\bin\msvcp140.dll
0x00007ffe52cb0000 - 0x00007ffe539c7000 	C:\Users\okeow\.jdks\openjdk-21.0.2\bin\server\jvm.dll
0x00007ffebcf80000 - 0x00007ffebd02e000 	C:\WINDOWS\System32\ADVAPI32.dll
0x00007ffebbf90000 - 0x00007ffebc02e000 	C:\WINDOWS\System32\sechost.dll
0x00007ffebcc80000 - 0x00007ffebcda1000 	C:\WINDOWS\System32\RPCRT4.dll
0x00007ffebbf20000 - 0x00007ffebbf8f000 	C:\WINDOWS\System32\WS2_32.dll
0x00007ffebb120000 - 0x00007ffebb16d000 	C:\WINDOWS\SYSTEM32\POWRPROF.dll
0x00007ffeb27a0000 - 0x00007ffeb27d3000 	C:\WINDOWS\SYSTEM32\WINMM.dll
0x00007ffeb1ca0000 - 0x00007ffeb1caa000 	C:\WINDOWS\SYSTEM32\VERSION.dll
0x00007ffebb100000 - 0x00007ffebb113000 	C:\WINDOWS\SYSTEM32\UMPDC.dll
0x00007ffeba280000 - 0x00007ffeba298000 	C:\WINDOWS\SYSTEM32\kernel.appcore.dll
0x00007ffeb8110000 - 0x00007ffeb811a000 	C:\Users\okeow\.jdks\openjdk-21.0.2\bin\jimage.dll
0x00007ffeb85a0000 - 0x00007ffeb87c1000 	C:\WINDOWS\SYSTEM32\DBGHELP.DLL
0x00007ffeab680000 - 0x00007ffeab6b1000 	C:\WINDOWS\SYSTEM32\dbgcore.DLL
0x00007ffebb450000 - 0x00007ffebb4cf000 	C:\WINDOWS\System32\bcryptPrimitives.dll
0x00007ffeb80e0000 - 0x00007ffeb80ff000 	C:\Users\okeow\.jdks\openjdk-21.0.2\bin\java.dll
0x00007ffebd030000 - 0x00007ffebd7f5000 	C:\WINDOWS\System32\SHELL32.dll
0x00007ffeb92e0000 - 0x00007ffeb9b42000 	C:\WINDOWS\SYSTEM32\windows.storage.dll
0x00007ffebc110000 - 0x00007ffebc486000 	C:\WINDOWS\System32\combase.dll
0x00007ffeb9170000 - 0x00007ffeb92d7000 	C:\WINDOWS\SYSTEM32\wintypes.dll
0x00007ffebbc10000 - 0x00007ffebbcfa000 	C:\WINDOWS\System32\SHCORE.dll
0x00007ffebcdb0000 - 0x00007ffebce0d000 	C:\WINDOWS\System32\shlwapi.dll
0x00007ffebb180000 - 0x00007ffebb1a5000 	C:\WINDOWS\SYSTEM32\profapi.dll
0x00007ffe80f80000 - 0x00007ffe81057000 	C:\Users\okeow\.jdks\openjdk-21.0.2\bin\jsvml.dll
0x00007ffeb80c0000 - 0x00007ffeb80d0000 	C:\Users\okeow\.jdks\openjdk-21.0.2\bin\net.dll
0x00007ffeb2350000 - 0x00007ffeb2464000 	C:\WINDOWS\SYSTEM32\WINHTTP.dll
0x00007ffeba730000 - 0x00007ffeba797000 	C:\WINDOWS\system32\mswsock.dll
0x00007ffeb3ab0000 - 0x00007ffeb3ac6000 	C:\Users\okeow\.jdks\openjdk-21.0.2\bin\nio.dll
0x00007ffeb6b20000 - 0x00007ffeb6b38000 	C:\Users\okeow\.jdks\openjdk-21.0.2\bin\zip.dll

dbghelp: loaded successfully - version: 4.0.5 - missing functions: none
symbol engine: initialized successfully - sym options: 0x614 - pdb path: .;C:\Users\okeow\.jdks\openjdk-21.0.2\bin;C:\WINDOWS\SYSTEM32;C:\Program Files\Avast Software\Avast;C:\WINDOWS\WinSxS\amd64_microsoft.windows.common-controls_6595b64144ccf1df_6.0.22000.120_none_9d947278b86cc467;C:\Users\okeow\.jdks\openjdk-21.0.2\bin\server

VM Arguments:
java_command: C:\Users\okeow\AppData\Local\Temp\surefire17526575925163031518\surefirebooter-20240307135912244_3.jar C:\Users\okeow\AppData\Local\Temp\surefire17526575925163031518 2024-03-07T13-59-12_030-jvmRun1 surefire-20240307135912244_1tmp surefire_0-20240307135912244_2tmp
java_class_path (initial): C:\Users\okeow\AppData\Local\Temp\surefire17526575925163031518\surefirebooter-20240307135912244_3.jar
Launcher Type: SUN_STANDARD

[Global flags]
     intx CICompilerCount                          = 3                                         {product} {ergonomic}
     uint ConcGCThreads                            = 1                                         {product} {ergonomic}
     uint G1ConcRefinementThreads                  = 4                                         {product} {ergonomic}
   size_t G1HeapRegionSize                         = 1048576                                   {product} {ergonomic}
    uintx GCDrainStackTargetSize                   = 64                                        {product} {ergonomic}
   size_t InitialHeapSize                          = 130023424                                 {product} {ergonomic}
   size_t MarkStackSize                            = 4194304                                   {product} {ergonomic}
   size_t MaxHeapSize                              = 2080374784                                {product} {ergonomic}
   size_t MaxNewSize                               = 1247805440                                {product} {ergonomic}
   size_t MinHeapDeltaBytes                        = 1048576                                   {product} {ergonomic}
   size_t MinHeapSize                              = 8388608                                   {product} {ergonomic}
    uintx NonNMethodCodeHeapSize                   = 5832780                                {pd product} {ergonomic}
    uintx NonProfiledCodeHeapSize                  = 122912730                              {pd product} {ergonomic}
    uintx ProfiledCodeHeapSize                     = 122912730                              {pd product} {ergonomic}
    uintx ReservedCodeCacheSize                    = 251658240                              {pd product} {ergonomic}
     bool SegmentedCodeCache                       = true                                      {product} {ergonomic}
   size_t SoftMaxHeapSize                          = 2080374784                             {manageable} {ergonomic}
     bool UseCompressedOops                        = true                           {product lp64_product} {ergonomic}
     bool UseG1GC                                  = true                                      {product} {ergonomic}
     bool UseLargePagesIndividualAllocation        = false                                  {pd product} {ergonomic}

Logging:
Log output configuration:
 #0: stdout all=warning uptime,level,tags foldmultilines=false
 #1: stderr all=off uptime,level,tags foldmultilines=false

Environment Variables:
PATH=C:\Program Files\Java\jdk-21\bin;C:\Program Files\Common Files\Oracle\Java\javapath;C:\Program Files\Rockwell Software\RSCommon;C:\WINDOWS\system32;C:\WINDOWS;C:\WINDOWS\System32\Wbem;C:\WINDOWS\System32\WindowsPowerShell\v1.0\;C:\WINDOWS\System32\OpenSSH\;C:\Program Files\dotnet\;C:\Program Files\Microsoft SQL Server\130\Tools\Binn\;C:\Program Files\Microsoft SQL Server\Client SDK\ODBC\170\Tools\Binn\;C:\Program Files (x86)\Microsoft SQL Server\150\Tools\Binn\;C:\Program Files\Microsoft SQL Server\150\Tools\Binn\;C:\Program Files\Microsoft SQL Server\150\DTS\Binn\;C:\Program Files\Docker\Docker\resources\bin;C:\Program Files\MySQL\MySQL Server 8.0\bin;C:\Program Files\Git\cmd;%NVM_HOME%;%NVM_SYMLINK%;C:\Program Files\MySQL\MySQL Shell 8.0\bin\;C:\Users\okeow\AppData\Local\Programs\Python\Python310\Scripts\;C:\Users\okeow\AppData\Local\Programs\Python\Python310\;C:\Users\okeow\AppData\Local\Microsoft\WindowsApps;C:\Users\okeow\AppData\Local\Programs\Microsoft VS Code\bin;C:\Users\okeow\.dotnet\tools;C:\Program Files\heroku\bin;C:\Program Files\JetBrains\IntelliJ IDEA Community Edition 2023.3.2\bin;;C:\Users\okeow\AppData\Roaming\nvm;C:\Program Files\nodejs;C:\Users\okeow\AppData\Roaming\npm
USERNAME=okeow
OS=Windows_NT
PROCESSOR_IDENTIFIER=Intel64 Family 6 Model 126 Stepping 5, GenuineIntel
TMP=C:\Users\okeow\AppData\Local\Temp
TEMP=C:\Users\okeow\AppData\Local\Temp




Periodic native trim disabled

---------------  S Y S T E M  ---------------

OS:
 Windows 11 , 64 bit Build 22000 (10.0.22000.2538)
OS uptime: 1 days 5:01 hours
Hyper-V role detected

CPU: total 4 (initial active 4) (2 cores per cpu, 2 threads per core) family 6 model 126 stepping 5 microcode 0xa0, cx8, cmov, fxsr, ht, mmx, 3dnowpref, sse, sse2, sse3, ssse3, sse4.1, sse4.2, popcnt, lzcnt, tsc, tscinvbit, avx, avx2, aes, erms, clmul, bmi1, bmi2, adx, avx512f, avx512dq, avx512cd, avx512bw, avx512vl, sha, fma, vzeroupper, avx512_vpopcntdq, avx512_vpclmulqdq, avx512_vaes, avx512_vnni, clflush, clflushopt, avx512_vbmi2, avx512_vbmi, hv, rdtscp, rdpid, fsrm, gfni, avx512_bitalg, f16c, avx512_ifma
Processor Information for all 4 processors :
  Max Mhz: 1190, Current Mhz: 1190, Mhz Limit: 1190

Memory: 4k page, system-wide physical 7934M (349M free)
TotalPageFile size 32510M (AvailPageFile size 0M)
current process WorkingSet (physical memory assigned to process): 33M, peak: 33M
current process commit charge ("private bytes"): 191M, peak: 191M

vm_info: OpenJDK 64-Bit Server VM (21.0.2+13-58) for windows-amd64 JRE (21.0.2+13-58), built on 2024-01-05T18:32:24Z by "mach5one" with MS VC++ 17.1 (VS2022)

END.
